Info: Thread de leitura do fifo criada.
Info: Recebida mensagem do tipo (100).
Info: Recebida mensagem do tipo (107).
Erro: Recebida mensagem de tipo inválido (107).
Info: Thread de envio de heartbeat criada.
Info: Thread de aumento do tempo de inactividade do gestor criada.
Info: Aumento de tempo de inactividade do gestor para (1).
Info: Thread de interacção com o utilizador criada.
Info: Envio de Heartbeat.
Info: Recebida mensagem do tipo (107).
Erro: Recebida mensagem de tipo inválido (107).
Info: Aumento de tempo de inactividade do gestor para (1).
Info: Recebida mensagem do tipo (107).
Erro: Recebida mensagem de tipo inválido (107).
Info: Aumento de tempo de inactividade do gestor para (1).
Info: Recebida mensagem do tipo (107).
Erro: Recebida mensagem de tipo inválido (107).
Info: Aumento de tempo de inactividade do gestor para (1).
Info: Recebida mensagem do tipo (107).
Erro: Recebida mensagem de tipo inválido (107).
Info: Aumento de tempo de inactividade do gestor para (1).
Info: Recebida mensagem do tipo (107).
Erro: Recebida mensagem de tipo inválido (107).
Info: Aumento de tempo de inactividade do gestor para (1).
Info: Recebida mensagem do tipo (107).
Erro: Recebida mensagem de tipo inválido (107).
Info: Aumento de tempo de inactividade do gestor para (1).
Info: Recebida mensagem do tipo (107).
Erro: Recebida mensagem de tipo inválido (107).
Info: Aumento de tempo de inactividade do gestor para (1).
Info: Recebida mensagem do tipo (107).
Erro: Recebida mensagem de tipo inválido (107).
Info: Aumento de tempo de inactividade do gestor para (1).
Info: Recebida mensagem do tipo (107).
Erro: Recebida mensagem de tipo inválido (107).
Info: Aumento de tempo de inactividade do gestor para (1).
Info: Recebida mensagem do tipo (107).
Erro: Recebida mensagem de tipo inválido (107).
Info: Aumento de tempo de inactividade do gestor para (1).
Info: Recebida mensagem do tipo (107).
Erro: Recebida mensagem de tipo inválido (107).
Info: Aumento de tempo de inactividade do gestor para (1).
Info: Recebida mensagem do tipo (107).
Erro: Recebida mensagem de tipo inválido (107).
Info: Aumento de tempo de inactividade do gestor para (1).
Info: Recebida mensagem do tipo (107).
Erro: Recebida mensagem de tipo inválido (107).
Info: Aumento de tempo de inactividade do gestor para (1).
Info: Recebida mensagem do tipo (107).
Erro: Recebida mensagem de tipo inválido (107).
Info: Aumento de tempo de inactividade do gestor para (1).
Info: Recebida mensagem do tipo (107).
Erro: Recebida mensagem de tipo inválido (107).
Info: Aumento de tempo de inactividade do gestor para (1).
Info: Recebida mensagem do tipo (107).
Erro: Recebida mensagem de tipo inválido (107).
Info: Aumento de tempo de inactividade do gestor para (1).
Info: Recebida mensagem do tipo (107).
Erro: Recebida mensagem de tipo inválido (107).
Info: Aumento de tempo de inactividade do gestor para (1).
Info: Recebida mensagem do tipo (107).
Erro: Recebida mensagem de tipo inválido (107).
Info: Aumento de tempo de inactividade do gestor para (1).
Info: Recebida mensagem do tipo (107).
Erro: Recebida mensagem de tipo inválido (107).
Info: Aumento de tempo de inactividade do gestor para (1).
Info: Recebida mensagem do tipo (107).
Erro: Recebida mensagem de tipo inválido (107).
Info: Aumento de tempo de inactividade do gestor para (1).
Info: Recebida mensagem do tipo (107).
Erro: Recebida mensagem de tipo inválido (107).
Info: Aumento de tempo de inactividade do gestor para (1).
Info: Recebida mensagem do tipo (107).
Erro: Recebida mensagem de tipo inválido (107).
Info: Aumento de tempo de inactividade do gestor para (1).
Info: Recebida mensagem do tipo (107).
Erro: Recebida mensagem de tipo inválido (107).
Info: Aumento de tempo de inactividade do gestor para (1).
Info: Recebida mensagem do tipo (107).
Erro: Recebida mensagem de tipo inválido (107).
Info: Aumento de tempo de inactividade do gestor para (1).
Info: Recebida mensagem do tipo (107).
Erro: Recebida mensagem de tipo inválido (107).
Info: Aumento de tempo de inactividade do gestor para (1).
Info: Recebida mensagem do tipo (107).
Erro: Recebida mensagem de tipo inválido (107).
Info: Aumento de tempo de inactividade do gestor para (1).
Info: Recebida mensagem do tipo (107).
Erro: Recebida mensagem de tipo inválido (107).
Info: Aumento de tempo de inactividade do gestor para (1).
Info: Recebida mensagem do tipo (107).
Erro: Recebida mensagem de tipo inválido (107).
Info: Aumento de tempo de inactividade do gestor para (1).
Info: Recebida mensagem do tipo (107).
Erro: Recebida mensagem de tipo inválido (107).
Info: Aumento de tempo de inactividade do gestor para (1).
Info: Recebida mensagem do tipo (107).
Erro: Recebida mensagem de tipo inválido (107).
Info: Aumento de tempo de inactividade do gestor para (1).
Info: Recebida mensagem do tipo (107).
Erro: Recebida mensagem de tipo inválido (107).
Info: Aumento de tempo de inactividade do gestor para (1).
Info: Recebida mensagem do tipo (107).
Erro: Recebida mensagem de tipo inválido (107).
Info: Aumento de tempo de inactividade do gestor para (1).
Info: Recebida mensagem do tipo (107).
Erro: Recebida mensagem de tipo inválido (107).
Info: Aumento de tempo de inactividade do gestor para (1).
Info: Recebida mensagem do tipo (107).
Erro: Recebida mensagem de tipo inválido (107).
Info: Aumento de tempo de inactividade do gestor para (1).
Info: Recebida mensagem do tipo (107).
Erro: Recebida mensagem de tipo inválido (107).
Info: Aumento de tempo de inactividade do gestor para (1).
Info: Recebida mensagem do tipo (107).
Erro: Recebida mensagem de tipo inválido (107).
Info: Aumento de tempo de inactividade do gestor para (1).
Info: Recebida mensagem do tipo (107).
Erro: Recebida mensagem de tipo inválido (107).
Info: Aumento de tempo de inactividade do gestor para (1).
Info: Recebida mensagem do tipo (107).
Erro: Recebida mensagem de tipo inválido (107).
Info: Aumento de tempo de inactividade do gestor para (1).
Info: Recebida mensagem do tipo (107).
Erro: Recebida mensagem de tipo inválido (107).
Info: Aumento de tempo de inactividade do gestor para (1).
Info: Recebida mensagem do tipo (107).
Erro: Recebida mensagem de tipo inválido (107).
Info: Aumento de tempo de inactividade do gestor para (1).
Info: Recebida mensagem do tipo (107).
Erro: Recebida mensagem de tipo inválido (107).
Info: Aumento de tempo de inactividade do gestor para (1).
Info: Recebida mensagem do tipo (107).
Erro: Recebida mensagem de tipo inválido (107).
Info: Aumento de tempo de inactividade do gestor para (1).
Info: Recebida mensagem do tipo (107).
Erro: Recebida mensagem de tipo inválido (107).
Info: Aumento de tempo de inactividade do gestor para (1).
Info: Recebida mensagem do tipo (107).
Erro: Recebida mensagem de tipo inválido (107).
Info: Aumento de tempo de inactividade do gestor para (1).
Info: Recebida mensagem do tipo (107).
Erro: Recebida mensagem de tipo inválido (107).
Info: Aumento de tempo de inactividade do gestor para (1).
Info: Recebida mensagem do tipo (107).
Erro: Recebida mensagem de tipo inválido (107).
Info: Aumento de tempo de inactividade do gestor para (1).
Info: Recebida mensagem do tipo (107).
Erro: Recebida mensagem de tipo inválido (107).
Info: Aumento de tempo de inactividade do gestor para (1).
Info: Recebida mensagem do tipo (107).
Erro: Recebida mensagem de tipo inválido (107).
Info: Aumento de tempo de inactividade do gestor para (1).
Info: Recebida mensagem do tipo (107).
Erro: Recebida mensagem de tipo inválido (107).
Info: Aumento de tempo de inactividade do gestor para (1).
Info: Recebida mensagem do tipo (107).
Erro: Recebida mensagem de tipo inválido (107).
Info: Aumento de tempo de inactividade do gestor para (1).
Info: Recebida mensagem do tipo (107).
Erro: Recebida mensagem de tipo inválido (107).
Info: Aumento de tempo de inactividade do gestor para (1).
Info: Recebida mensagem do tipo (107).
Erro: Recebida mensagem de tipo inválido (107).
Info: Aumento de tempo de inactividade do gestor para (1).
Info: Recebida mensagem do tipo (107).
Erro: Recebida mensagem de tipo inválido (107).
Info: Aumento de tempo de inactividade do gestor para (1).
Info: Recebida mensagem do tipo (107).
Erro: Recebida mensagem de tipo inválido (107).
Info: Aumento de tempo de inactividade do gestor para (1).
Info: Recebida mensagem do tipo (107).
Erro: Recebida mensagem de tipo inválido (107).
Info: Aumento de tempo de inactividade do gestor para (1).
Info: Recebida mensagem do tipo (107).
Erro: Recebida mensagem de tipo inválido (107).
Info: Aumento de tempo de inactividade do gestor para (1).
Info: Recebida mensagem do tipo (107).
Erro: Recebida mensagem de tipo inválido (107).
Info: Aumento de tempo de inactividade do gestor para (1).
Info: Recebida mensagem do tipo (107).
Erro: Recebida mensagem de tipo inválido (107).
Info: Aumento de tempo de inactividade do gestor para (1).
Info: Recebida mensagem do tipo (107).
Erro: Recebida mensagem de tipo inválido (107).
Info: Aumento de tempo de inactividade do gestor para (1).
Info: Recebida mensagem do tipo (107).
Erro: Recebida mensagem de tipo inválido (107).
Info: Aumento de tempo de inactividade do gestor para (1).
Info: Recebida mensagem do tipo (107).
Erro: Recebida mensagem de tipo inválido (107).
Info: Aumento de tempo de inactividade do gestor para (1).
Info: Recebida mensagem do tipo (107).
Erro: Recebida mensagem de tipo inválido (107).
Info: Aumento de tempo de inactividade do gestor para (1).
Info: Recebida mensagem do tipo (107).
Erro: Recebida mensagem de tipo inválido (107).
Info: Aumento de tempo de inactividade do gestor para (1).
Info: Recebida mensagem do tipo (107).
Erro: Recebida mensagem de tipo inválido (107).
Info: Aumento de tempo de inactividade do gestor para (1).
Info: Recebida mensagem do tipo (107).
Erro: Recebida mensagem de tipo inválido (107).
Info: Aumento de tempo de inactividade do gestor para (1).
Info: Recebida mensagem do tipo (107).
Erro: Recebida mensagem de tipo inválido (107).
Info: Aumento de tempo de inactividade do gestor para (1).
Info: Recebida mensagem do tipo (107).
Erro: Recebida mensagem de tipo inválido (107).
Info: Aumento de tempo de inactividade do gestor para (1).
Info: Recebida mensagem do tipo (107).
Erro: Recebida mensagem de tipo inválido (107).
Info: Aumento de tempo de inactividade do gestor para (1).
Info: Recebida mensagem do tipo (107).
Erro: Recebida mensagem de tipo inválido (107).
Info: Aumento de tempo de inactividade do gestor para (1).
Info: Recebida mensagem do tipo (107).
Erro: Recebida mensagem de tipo inválido (107).
Info: Aumento de tempo de inactividade do gestor para (1).
Info: Recebida mensagem do tipo (107).
Erro: Recebida mensagem de tipo inválido (107).
Info: Aumento de tempo de inactividade do gestor para (1).
Info: Recebida mensagem do tipo (107).
Erro: Recebida mensagem de tipo inválido (107).
Info: Aumento de tempo de inactividade do gestor para (1).
Info: Recebida mensagem do tipo (107).
Erro: Recebida mensagem de tipo inválido (107).
Info: Aumento de tempo de inactividade do gestor para (1).
Info: Recebida mensagem do tipo (107).
Erro: Recebida mensagem de tipo inválido (107).
Info: Aumento de tempo de inactividade do gestor para (1).
Info: Recebida mensagem do tipo (107).
Erro: Recebida mensagem de tipo inválido (107).
Info: Aumento de tempo de inactividade do gestor para (1).
Info: Recebida mensagem do tipo (107).
Erro: Recebida mensagem de tipo inválido (107).
Info: Aumento de tempo de inactividade do gestor para (1).
Info: Recebida mensagem do tipo (107).
Erro: Recebida mensagem de tipo inválido (107).
Info: Aumento de tempo de inactividade do gestor para (1).
Info: Recebida mensagem do tipo (107).
Erro: Recebida mensagem de tipo inválido (107).
Info: Aumento de tempo de inactividade do gestor para (1).
Info: Recebida mensagem do tipo (107).
Erro: Recebida mensagem de tipo inválido (107).
Info: Aumento de tempo de inactividade do gestor para (1).
Info: Recebida mensagem do tipo (107).
Erro: Recebida mensagem de tipo inválido (107).
Info: Aumento de tempo de inactividade do gestor para (1).
Info: Recebida mensagem do tipo (107).
Erro: Recebida mensagem de tipo inválido (107).
Info: Aumento de tempo de inactividade do gestor para (1).
Info: Recebida mensagem do tipo (107).
Erro: Recebida mensagem de tipo inválido (107).
Info: Aumento de tempo de inactividade do gestor para (1).
Info: Recebida mensagem do tipo (107).
Erro: Recebida mensagem de tipo inválido (107).
Info: Aumento de tempo de inactividade do gestor para (1).
Info: Recebida mensagem do tipo (107).
Erro: Recebida mensagem de tipo inválido (107).
Info: Aumento de tempo de inactividade do gestor para (1).
Info: Recebida mensagem do tipo (107).
Erro: Recebida mensagem de tipo inválido (107).
Info: Aumento de tempo de inactividade do gestor para (1).
Info: Recebida mensagem do tipo (107).
Erro: Recebida mensagem de tipo inválido (107).
Info: Aumento de tempo de inactividade do gestor para (1).
Info: Recebida mensagem do tipo (107).
Erro: Recebida mensagem de tipo inválido (107).
Info: Aumento de tempo de inactividade do gestor para (1).
Info: Recebida mensagem do tipo (107).
Erro: Recebida mensagem de tipo inválido (107).
Info: Aumento de tempo de inactividade do gestor para (1).
Info: Recebida mensagem do tipo (107).
Erro: Recebida mensagem de tipo inválido (107).
Info: Aumento de tempo de inactividade do gestor para (1).
Info: Recebida mensagem do tipo (107).
Erro: Recebida mensagem de tipo inválido (107).
Info: Aumento de tempo de inactividade do gestor para (1).
Info: Recebida mensagem do tipo (107).
Erro: Recebida mensagem de tipo inválido (107).
Info: Aumento de tempo de inactividade do gestor para (1).
Info: Recebida mensagem do tipo (107).
Erro: Recebida mensagem de tipo inválido (107).
Info: Aumento de tempo de inactividade do gestor para (1).
Info: Recebida mensagem do tipo (107).
Erro: Recebida mensagem de tipo inválido (107).
Info: Aumento de tempo de inactividade do gestor para (1).
Info: Recebida mensagem do tipo (107).
Erro: Recebida mensagem de tipo inválido (107).
Info: Aumento de tempo de inactividade do gestor para (1).
Info: Recebida mensagem do tipo (107).
Erro: Recebida mensagem de tipo inválido (107).
Info: Aumento de tempo de inactividade do gestor para (1).
Info: Recebida mensagem do tipo (107).
Erro: Recebida mensagem de tipo inválido (107).
Info: Aumento de tempo de inactividade do gestor para (1).
Info: Recebida mensagem do tipo (107).
Erro: Recebida mensagem de tipo inválido (107).
Info: Aumento de tempo de inactividade do gestor para (1).
Info: Recebida mensagem do tipo (107).
Erro: Recebida mensagem de tipo inválido (107).
Info: Aumento de tempo de inactividade do gestor para (1).
Info: Recebida mensagem do tipo (107).
Erro: Recebida mensagem de tipo inválido (107).
Info: Aumento de tempo de inactividade do gestor para (1).
Info: Recebida mensagem do tipo (107).
Erro: Recebida mensagem de tipo inválido (107).
Info: Aumento de tempo de inactividade do gestor para (1).
Info: Recebida mensagem do tipo (107).
Erro: Recebida mensagem de tipo inválido (107).
Info: Aumento de tempo de inactividade do gestor para (1).
Info: Recebida mensagem do tipo (107).
Erro: Recebida mensagem de tipo inválido (107).
Info: Aumento de tempo de inactividade do gestor para (1).
Info: Recebida mensagem do tipo (107).
Erro: Recebida mensagem de tipo inválido (107).
Info: Aumento de tempo de inactividade do gestor para (1).
Info: Aumento de tempo de inactividade do gestor para (2).
Info: Aumento de tempo de inactividade do gestor para (3).
Info: Aumento de tempo de inactividade do gestor para (4).
Info: Aumento de tempo de inactividade do gestor para (5).
Info: Aumento de tempo de inactividade do gestor para (6).
Info: Aumento de tempo de inactividade do gestor para (7).
Info: Aumento de tempo de inactividade do gestor para (8).
Info: Aumento de tempo de inactividade do gestor para (9).
Info: Aumento de tempo de inactividade do gestor para (10).
Info: Aumento de tempo de inactividade do gestor para (11).
Info: Atingido o tempo de inactividade do Gestor.
Info: Programa cliente a terminar.
