Info: Thread de envio de heartbeat criada.
Info: Envio de Heartbeat.
Info: Thread de leitura do fifo do gestor criada.
Info: Thread de leitura dos fifos dos clientes criada.
Info: Thread de expiração de mensagens criada.
Info: Decrementando o tempo de vida das mensagens.
Info: Thread de expiração de clientes criada.
Info: Aumentando o tempo de inactividade dos clientes.
Info: Thread de interacção com o utilizador criada.
Info: Envio de Heartbeat.
Info: Decrementando o tempo de vida das mensagens.
Info: Aumentando o tempo de inactividade dos clientes.
Info: Envio de Heartbeat.
Info: Decrementando o tempo de vida das mensagens.
Info: Aumentando o tempo de inactividade dos clientes.
Info: Envio de Heartbeat.
Info: Decrementando o tempo de vida das mensagens.
Info: Aumentando o tempo de inactividade dos clientes.
Info: Envio de Heartbeat.
Info: Decrementando o tempo de vida das mensagens.
Info: Aumentando o tempo de inactividade dos clientes.
Info: Envio de Heartbeat.
Info: Decrementando o tempo de vida das mensagens.
Info: Aumentando o tempo de inactividade dos clientes.
Info: Recebida mensagem do tipo (0).
volteiInfo: Envio de Heartbeat.
Info: Decrementando o tempo de vida das mensagens.
Info: Aumentando o tempo de inactividade dos clientes.
 num 5136volteiInfo: Decrementando o tempo de vida das mensagens.
Info: Envio de Heartbeat.
Info: Aumentando o tempo de inactividade dos clientes.
 num 5136volteiInfo: Decrementando o tempo de vida das mensagens.
Info: Aumentando o tempo de inactividade dos clientes.
Info: Envio de Heartbeat.
 num 5136volteiInfo: Decrementando o tempo de vida das mensagens.
Info: Aumentando o tempo de inactividade dos clientes.
Info: Envio de Heartbeat.
 num 5136volteiInfo: Aumentando o tempo de inactividade dos clientes.
Info: Decrementando o tempo de vida das mensagens.
Info: Envio de Heartbeat.
 num 5136volteiInfo: Decrementando o tempo de vida das mensagens.
Info: Aumentando o tempo de inactividade dos clientes.
Info: Envio de Heartbeat.
 num 5136volteiInfo: Decrementando o tempo de vida das mensagens.
Info: Aumentando o tempo de inactividade dos clientes.
Info: Envio de Heartbeat.
 num 5136volteiInfo: Decrementando o tempo de vida das mensagens.
Info: Aumentando o tempo de inactividade dos clientes.
Info: Envio de Heartbeat.
 num 5136volteiInfo: Decrementando o tempo de vida das mensagens.
Info: Aumentando o tempo de inactividade dos clientes.
Info: Envio de Heartbeat.
 num 5136volteiInfo: Decrementando o tempo de vida das mensagens.
Info: Aumentando o tempo de inactividade dos clientes.
Info: Envio de Heartbeat.
 num 5136volteiInfo: Decrementando o tempo de vida das mensagens.
Info: Aumentando o tempo de inactividade dos clientes.
Info: Envio de Heartbeat.
 num 5136volteiInfo: Aumentando o tempo de inactividade dos clientes.
Info: Decrementando o tempo de vida das mensagens.
Info: Envio de Heartbeat.
 num 5136volteiInfo: Aumentando o tempo de inactividade dos clientes.
Info: Decrementando o tempo de vida das mensagens.
Info: Envio de Heartbeat.
 num 5136volteiInfo: Aumentando o tempo de inactividade dos clientes.
Info: Decrementando o tempo de vida das mensagens.
Info: Envio de Heartbeat.
 num 5136volteiInfo: Aumentando o tempo de inactividade dos clientes.
Info: Decrementando o tempo de vida das mensagens.
Info: Envio de Heartbeat.
 num 5136volteiInfo: Aumentando o tempo de inactividade dos clientes.
Info: Decrementando o tempo de vida das mensagens.
Info: Envio de Heartbeat.
 num 5136voltei num 5136Info: Resposta do verificador foi: 0

Info: Mensagem aceite pelo verificador.
resultado ver 1iii
jjj
topicos cenas
tam top 1
volteiInfo: Aumentando o tempo de inactividade dos clientes.
Info: Decrementando o tempo de vida das mensagens.
Info: Envio de Heartbeat.
 num 5136volteiInfo: Aumentando o tempo de inactividade dos clientes.
Info: Decrementando o tempo de vida das mensagens.
Info: Envio de Heartbeat.
 num 5136volteiInfo: Aumentando o tempo de inactividade dos clientes.
Info: Decrementando o tempo de vida das mensagens.
Info: Envio de Heartbeat.
 num 5136volteiInfo: Aumentando o tempo de inactividade dos clientes.
Info: Decrementando o tempo de vida das mensagens.
Info: Envio de Heartbeat.
 num 5136volteiInfo: Decrementando o tempo de vida das mensagens.
Info: Aumentando o tempo de inactividade dos clientes.
Info: Envio de Heartbeat.
 num 5136volteiInfo: Decrementando o tempo de vida das mensagens.
Info: Aumentando o tempo de inactividade dos clientes.
Info: Envio de Heartbeat.
 num 5136volteiInfo: Decrementando o tempo de vida das mensagens.
Info: Aumentando o tempo de inactividade dos clientes.
Info: Envio de Heartbeat.
 num 5136volteiInfo: Decrementando o tempo de vida das mensagens.
Info: Aumentando o tempo de inactividade dos clientes.
Info: Envio de Heartbeat.
 num 5136volteiInfo: Decrementando o tempo de vida das mensagens.
Info: Aumentando o tempo de inactividade dos clientes.
Info: Envio de Heartbeat.
 num 5136volteiInfo: Decrementando o tempo de vida das mensagens.
Info: Aumentando o tempo de inactividade dos clientes.
Info: Envio de Heartbeat.
 num 5136volteiInfo: Decrementando o tempo de vida das mensagens.
Info: Aumentando o tempo de inactividade dos clientes.
Info: Envio de Heartbeat.
 num 5136volteiInfo: Aumentando o tempo de inactividade dos clientes.
Info: Decrementando o tempo de vida das mensagens.
Info: Envio de Heartbeat.
 num 5136volteiInfo: Decrementando o tempo de vida das mensagens.
Info: Aumentando o tempo de inactividade dos clientes.
Info: Envio de Heartbeat.
 num 5136volteiInfo: Decrementando o tempo de vida das mensagens.
Info: Aumentando o tempo de inactividade dos clientes.
Info: Envio de Heartbeat.
 num 5136volteiInfo: Aumentando o tempo de inactividade dos clientes.
Info: Decrementando o tempo de vida das mensagens.
Info: Envio de Heartbeat.
 num 5136volteiInfo: Aumentando o tempo de inactividade dos clientes.
Info: Decrementando o tempo de vida das mensagens.
Info: Envio de Heartbeat.
 num 5136volteiInfo: Aumentando o tempo de inactividade dos clientes.
Info: Decrementando o tempo de vida das mensagens.
Info: Envio de Heartbeat.
 num 5136volteiInfo: Aumentando o tempo de inactividade dos clientes.
Info: Decrementando o tempo de vida das mensagens.
Info: Envio de Heartbeat.
 num 5136volteiInfo: Aumentando o tempo de inactividade dos clientes.
Info: Decrementando o tempo de vida das mensagens.
Info: Envio de Heartbeat.
 num 5136volteiInfo: Aumentando o tempo de inactividade dos clientes.
Info: Decrementando o tempo de vida das mensagens.
Info: Envio de Heartbeat.
 num 5136volteiInfo: Aumentando o tempo de inactividade dos clientes.
Info: Decrementando o tempo de vida das mensagens.
Info: Envio de Heartbeat.
 num 5136volteiInfo: Aumentando o tempo de inactividade dos clientes.
Info: Decrementando o tempo de vida das mensagens.
Info: Envio de Heartbeat.
 num 5136volteiInfo: Aumentando o tempo de inactividade dos clientes.
Info: Decrementando o tempo de vida das mensagens.
Info: Envio de Heartbeat.
 num 5136volteiInfo: Aumentando o tempo de inactividade dos clientes.
Info: Decrementando o tempo de vida das mensagens.
Info: Envio de Heartbeat.
 num 5136volteiInfo: Aumentando o tempo de inactividade dos clientes.
Info: Decrementando o tempo de vida das mensagens.
Info: Envio de Heartbeat.
 num 5136volteiInfo: Decrementando o tempo de vida das mensagens.
Info: Aumentando o tempo de inactividade dos clientes.
Info: Envio de Heartbeat.
 num 5136volteiInfo: Decrementando o tempo de vida das mensagens.
Info: Aumentando o tempo de inactividade dos clientes.
Info: Envio de Heartbeat.
 num 5136volteiInfo: Decrementando o tempo de vida das mensagens.
Info: Aumentando o tempo de inactividade dos clientes.
Info: Envio de Heartbeat.
 num 5136volteiInfo: Decrementando o tempo de vida das mensagens.
Info: Aumentando o tempo de inactividade dos clientes.
Info: Envio de Heartbeat.
 num 5136volteiInfo: Decrementando o tempo de vida das mensagens.
Info: Aumentando o tempo de inactividade dos clientes.
Info: Envio de Heartbeat.
 num 5136volteiInfo: Decrementando o tempo de vida das mensagens.
Info: Aumentando o tempo de inactividade dos clientes.
Info: Envio de Heartbeat.
 num 5136volteiInfo: Aumentando o tempo de inactividade dos clientes.
Info: Decrementando o tempo de vida das mensagens.
Info: Envio de Heartbeat.
 num 5136volteiInfo: Decrementando o tempo de vida das mensagens.
Info: Aumentando o tempo de inactividade dos clientes.
Info: Envio de Heartbeat.
 num 5136volteiInfo: Aumentando o tempo de inactividade dos clientes.
Info: Decrementando o tempo de vida das mensagens.
Info: Envio de Heartbeat.
 num 5136volteiInfo: Decrementando o tempo de vida das mensagens.
Info: Envio de Heartbeat.
Info: Aumentando o tempo de inactividade dos clientes.
 num 5136voltei num 5136Info: Resposta do verificador foi: 0

Info: Mensagem aceite pelo verificador.
resultado ver 1bbb
iii
jjj
topicos teste
tam top 2
volteiInfo: Envio de Heartbeat.
Info: Decrementando o tempo de vida das mensagens.
Info: Aumentando o tempo de inactividade dos clientes.
 num 5136volteiInfo: Decrementando o tempo de vida das mensagens.
Info: Envio de Heartbeat.
Info: Aumentando o tempo de inactividade dos clientes.
 num 5136volteiInfo: Envio de Heartbeat.
Info: Decrementando o tempo de vida das mensagens.
Info: Aumentando o tempo de inactividade dos clientes.
 num 5136volteiInfo: Envio de Heartbeat.
Info: Aumentando o tempo de inactividade dos clientes.
Info: Decrementando o tempo de vida das mensagens.
 num 5136volteiInfo: Envio de Heartbeat.
Info: Decrementando o tempo de vida das mensagens.
Info: Aumentando o tempo de inactividade dos clientes.
 num 5136volteiInfo: Envio de Heartbeat.
Info: Decrementando o tempo de vida das mensagens.
Info: Aumentando o tempo de inactividade dos clientes.
 num 5136volteiInfo: Decrementando o tempo de vida das mensagens.
Info: Envio de Heartbeat.
Info: Aumentando o tempo de inactividade dos clientes.
 num 5136volteiInfo: Decrementando o tempo de vida das mensagens.
Info: Envio de Heartbeat.
Info: Aumentando o tempo de inactividade dos clientes.
 num 5136volteiInfo: Envio de Heartbeat.
Info: Decrementando o tempo de vida das mensagens.
Info: Aumentando o tempo de inactividade dos clientes.
 num 5136volteiInfo: Decrementando o tempo de vida das mensagens.
Info: Envio de Heartbeat.
Info: Aumentando o tempo de inactividade dos clientes.
 num 5136volteiInfo: Envio de Heartbeat.
Info: Decrementando o tempo de vida das mensagens.
Info: Aumentando o tempo de inactividade dos clientes.
 num 5136volteiInfo: Envio de Heartbeat.
Info: Decrementando o tempo de vida das mensagens.
Info: Aumentando o tempo de inactividade dos clientes.
 num 5136volteiInfo: Decrementando o tempo de vida das mensagens.
Info: Envio de Heartbeat.
Info: Aumentando o tempo de inactividade dos clientes.
 num 5136volteiInfo: Decrementando o tempo de vida das mensagens.
Info: Envio de Heartbeat.
Info: Aumentando o tempo de inactividade dos clientes.
 num 5136volteiInfo: Decrementando o tempo de vida das mensagens.
Info: Aumentando o tempo de inactividade dos clientes.
Info: Envio de Heartbeat.
 num 5136volteiInfo: Envio de Heartbeat.
Info: Decrementando o tempo de vida das mensagens.
Info: Aumentando o tempo de inactividade dos clientes.
 num 5136volteiargum cenas_a
com del_c
comando del cenas_c
Info: Envio de Heartbeat.
Info: Aumentando o tempo de inactividade dos clientes.
Info: Decrementando o tempo de vida das mensagens.
 num 5136volteiInfo: Envio de Heartbeat.
Info: Aumentando o tempo de inactividade dos clientes.
Info: Decrementando o tempo de vida das mensagens.
 num 5136volteiInfo: Envio de Heartbeat.
Info: Aumentando o tempo de inactividade dos clientes.
Info: Decrementando o tempo de vida das mensagens.
 num 5136volteiInfo: Aumentando o tempo de inactividade dos clientes.
Info: Decrementando o tempo de vida das mensagens.
Info: Envio de Heartbeat.
 num 5136volteiInfo: Envio de Heartbeat.
Info: Aumentando o tempo de inactividade dos clientes.
Info: Decrementando o tempo de vida das mensagens.
 num 5136volteiInfo: Aumentando o tempo de inactividade dos clientes.
Info: Envio de Heartbeat.
Info: Decrementando o tempo de vida das mensagens.
 num 5136volteiInfo: Envio de Heartbeat.
Info: Aumentando o tempo de inactividade dos clientes.
Info: Decrementando o tempo de vida das mensagens.
argum _a
com topics_c
comando topics_c
 num 5136volteiInfo: Aumentando o tempo de inactividade dos clientes.
Info: Decrementando o tempo de vida das mensagens.
Info: Envio de Heartbeat.
 num 5136volteiInfo: Aumentando o tempo de inactividade dos clientes.
Info: Decrementando o tempo de vida das mensagens.
Info: Envio de Heartbeat.
 num 5136volteiargum _a
com prune_c
comando prune_c
Info: Aumentando o tempo de inactividade dos clientes.
Info: Decrementando o tempo de vida das mensagens.
Info: Envio de Heartbeat.
 num 5136volteiInfo: Aumentando o tempo de inactividade dos clientes.
Info: Decrementando o tempo de vida das mensagens.
Info: Envio de Heartbeat.
 num 5136volteiargum _a
com topics_c
comando topics_c
Info: Aumentando o tempo de inactividade dos clientes.
Info: Decrementando o tempo de vida das mensagens.
Info: Envio de Heartbeat.
 num 5136volteiInfo: Aumentando o tempo de inactividade dos clientes.
Info: Decrementando o tempo de vida das mensagens.
Info: Envio de Heartbeat.
 num 5136volteiInfo: Aumentando o tempo de inactividade dos clientes.
Info: Decrementando o tempo de vida das mensagens.
Info: Envio de Heartbeat.
 num 5136volteiInfo: Aumentando o tempo de inactividade dos clientes.
Info: Decrementando o tempo de vida das mensagens.
Info: Envio de Heartbeat.
 num 5136volteiInfo: Aumentando o tempo de inactividade dos clientes.
Info: Decrementando o tempo de vida das mensagens.
Info: Envio de Heartbeat.
 num 5136volteiInfo: Aumentando o tempo de inactividade dos clientes.
Info: Decrementando o tempo de vida das mensagens.
Info: Envio de Heartbeat.
 num 5136volteiInfo: Aumentando o tempo de inactividade dos clientes.
Info: Decrementando o tempo de vida das mensagens.
Info: Envio de Heartbeat.
 num 5136volteiInfo: Aumentando o tempo de inactividade dos clientes.
Info: Decrementando o tempo de vida das mensagens.
Info: Envio de Heartbeat.
 num 5136volteiInfo: Aumentando o tempo de inactividade dos clientes.
Info: Decrementando o tempo de vida das mensagens.
Info: Envio de Heartbeat.
Erro: Nao foi possivel comunicar com o Cliente!Info: Aumentando o tempo de inactividade dos clientes.
Info: Decrementando o tempo de vida das mensagens.
Info: Envio de Heartbeat.
